<?xml version="1.0" encoding="UTF-8"?>
<testsuite xmlns:xsi="http://www.w3.org/2001/XMLSchema-instance" xsi:noNamespaceSchemaLocation="https://maven.apache.org/surefire/maven-surefire-plugin/xsd/surefire-test-report-3.0.xsd" version="3.0" name="com.ai.reviewer.LocalCodeReviewerTest" time="0.512" tests="3" errors="0" skipped="0" failures="0">
  <properties>
[...]
</properties>
  <testcase name="testRunReviewWithChangesAndSuccessfulResponse" classname="com.ai.reviewer.LocalCodeReviewerTest" time="0.497">
    <system-out><![CDATA[>>> Isolating local changes via 'git diff HEAD'...
>>> Sending changes to local Ollama (model: qwen2.5-coder:7b)...

==================================================
                AI CODE REVIEW FEEDBACK           
==================================================
LGTM! No issues found with brittle locators.
==================================================
]]></system-out>
    <system-err><![CDATA[WARNING: A Java agent has been loaded dynamically (/Users/rahul/.m2/repository/net/bytebuddy/byte-buddy-agent/1.14.10/byte-buddy-agent-1.14.10.jar)
WARNING: If a serviceability tool is in use, please run with -XX:+EnableDynamicAgentLoading to hide this warning
WARNING: If a serviceability tool is not in use, please run with -Djdk.instrument.traceUsage for more information
WARNING: Dynamic loading of agents will be disallowed by default in a future release
]]></system-err>
  </testcase>
  <testcase name="testRunReviewWithHttpErrorResponse" classname="com.ai.reviewer.LocalCodeReviewerTest" time="0.005">
    <system-out><![CDATA[>>> Isolating local changes via 'git diff HEAD'...
>>> Sending changes to local Ollama (model: qwen2.5-coder:7b)...
]]></system-out>
    <system-err><![CDATA[
[ERROR] Ollama returned non-200 status code: 500
Response body: Internal Server Error
]]></system-err>
  </testcase>
  <testcase name="testRunReviewWithNoChanges" classname="com.ai.reviewer.LocalCodeReviewerTest" time="0.002">
    <system-out><![CDATA[>>> Isolating local changes via 'git diff HEAD'...
[INFO] No git changes detected.
>>> Tip: Edit or stage files in git before running the code reviewer.
]]></system-out>
  </testcase>
</testsuite>